<?xml version="1.0" encoding="UTF-8"?>
<testsuite xmlns:xsi="http://www.w3.org/2001/XMLSchema-instance" xsi:schemaLocation="https://maven.apache.org/surefire/maven-surefire-plugin/xsd/surefire-test-report.xsd" name="TestSuite" time="4.55" tests="1" errors="0" skipped="0" failures="0">
  <properties>
    <property name="PROCESSOR_ARCHITECTURE" value="AMD64"/>
    <property name="file.encoding.pkg" value="sun.io"/>
    <property name="ProgramData" value="C:\ProgramData"/>
    <property name="java.home" value="C:\Program Files\Java\jdk1.8.0_191\jre"/>
    <property name="NODE_NAME" value="master"/>
    <property name="JENKINS_URL" value="http://localhost:8080/"/>
    <property name="ALLUSERSPROFILE" value="C:\ProgramData"/>
    <property name="java.endorsed.dirs" value="C:\Program Files\Java\jdk1.8.0_191\jre\lib\endorsed"/>
    <property name="PSModulePath" value="C:\Windows\system32\WindowsPowerShell\v1.0\Modules\"/>
    <property name="USERDOMAIN" value="WORKGROUP"/>
    <property name="LT_BUILD_NUMBER" value="26"/>
    <property name="sun.os.patch.level" value="Service Pack 1"/>
    <property name="java.vendor.url" value="http://java.oracle.com/"/>
    <property name="CommonProgramFiles(x86)" value="C:\Program Files (x86)\Common Files"/>
    <property name="java.version" value="1.8.0_191"/>
    <property name="JOB_NAME" value="Sample Project"/>
    <property name="COMPUTERNAME" value="LENOVO-I7-PC"/>
    <property name="windows_tracing_logfile" value="C:\BVTBin\Tests\installpackage\csilogfile.log"/>
    <property name="java.vendor.url.bug" value="http://bugreport.sun.com/bugreport/"/>
    <property name="PUBLIC" value="C:\Users\Public"/>
    <property name="user.name" value="LENOVO-I7-PC$"/>
    <property name="sun.io.unicode.encoding" value="UnicodeLittle"/>
    <property name="sun.jnu.encoding" value="Cp1252"/>
    <property name="java.runtime.name" value="Java(TM) SE Runtime Environment"/>
    <property name="windir" value="C:\Windows"/>
    <property name="PROCESSOR_IDENTIFIER" value="Intel64 Family 6 Model 69 Stepping 1, GenuineIntel"/>
    <property name="java.specification.name" value="Java Platform API Specification"/>
    <property name="LOCALAPPDATA" value="C:\Windows\system32\config\systemprofile\AppData\Local"/>
    <property name="RUN_CHANGES_DISPLAY_URL" value="http://localhost:8080/job/Sample%20Project/26/display/redirect?page=changes"/>
    <property name="user.timezone" value="Asia/Calcutta"/>
    <property name="LAMBDA_PASSWORD" value="R@mit1995"/>
    <property name="user.script" value=""/>
    <property name="path.separator" value=";"/>
    <property name="NUMBER_OF_PROCESSORS" value="4"/>
    <property name="BUILD_TAG" value="jenkins-Sample Project-26"/>
    <property name="windows_tracing_flags" value="3"/>
    <property name="file.encoding" value="Cp1252"/>
    <property name="sun.java.command" value="jenkins.maven3.agent.Maven35Main C:\Users\Lenovo-I7\.jenkins\tools\hudson.tasks.Maven_MavenInstallation\TestMaven C:\Users\Lenovo-I7\.jenkins\war\WEB-INF\lib\remoting-3.33.jar C:\Users\Lenovo-I7\.jenkins\plugins\maven-plugin\WEB-INF\lib\maven35-interceptor-1.13.jar C:\Users\Lenovo-I7\.jenkins\plugins\maven-plugin\WEB-INF\lib\maven3-interceptor-commons-1.13.jar 50903"/>
    <property name="HUDSON_URL" value="http://localhost:8080/"/>
    <property name="JENKINS_SERVER_COOKIE" value="88b741a05d172b6f"/>
    <property name="EXECUTOR_NUMBER" value="1"/>
    <property name="Path" value="C:\Python37-32\Scripts\;C:\Python37-32\;C:\;C:\Windows\system32;C:\Program Files\Java\jdk1.8.0_191\bin;C:\Program Files\Java\jdk1.8.0_191\bin;C:\Program Files\nodejs; C:\Users\Lenovo-I7\Desktop\Setups; C:\apache-ant-1.10.5\bin;%M2%;C:\curl-7.65.1-win64-mingw\bin;C:\Program Files\dotnet\;C:\Python37-32\Scripts;C:\Python37-32\Lib;C:\Users\Lenovo-I7\Desktop\tunnelprod;C:\Program Files\Git\cmd;C:\Users\Lenovo-I7\.dotnet\tools"/>
    <property name="WINSW_SERVICE_ID" value="jenkins"/>
    <property name="LT_ACCESS_KEY" value="Ar7sr82ACbQXRi23ujktWaSuBRq9jOjInvBaelieyC00XavZUP"/>
    <property name="BASE" value="C:\Users\Lenovo-I7\.jenkins"/>
    <property name="java.io.tmpdir" value="C:\Windows\TEMP\"/>
    <property name="APPDATA" value="C:\Windows\system32\config\systemprofile\AppData\Roaming"/>
    <property name="user.language" value="en"/>
    <property name="line.separator" value="&#10;"/>
    <property name="BUILD_URL" value="http://localhost:8080/job/Sample%20Project/26/"/>
    <property name="M2_HOME" value="C:\Users\Lenovo-I7\.jenkins\tools\hudson.tasks.Maven_MavenInstallation\TestMaven"/>
    <property name="java.vm.info" value="mixed mode"/>
    <property name="sun.desktop" value="windows"/>
    <property name="java.vm.specification.name" value="Java Virtual Machine Specification"/>
    <property name="BUILD_DISPLAY_NAME" value="#26"/>
    <property name="OS" value="Windows_NT"/>
    <property name="guice.disable.misplaced.annotation.check" value="true"/>
    <property name="LT_TUNNEL_NAME" value="Ramit-007-Sample Project-26"/>
    <property name="LT_BUILD_NAME" value="Sample Project "/>
    <property name="HUDSON_SERVER_COOKIE" value="88b741a05d172b6f"/>
    <property name="MAVEN_HOME" value="C:\Users\Lenovo-I7\.jenkins\tools\hudson.tasks.Maven_MavenInstallation\TestMaven"/>
    <property name="PATHEXT" value=".COM;.EXE;.BAT;.CMD;.VBS;.VBE;.JS;.JSE;.WSF;.WSH;.MSC;.PY;.PYW"/>
    <property name="java.awt.printerjob" value="sun.awt.windows.WPrinterJob"/>
    <property name="maven3.interceptor.common" value="C:\Users\Lenovo-I7\.jenkins\plugins\maven-plugin\WEB-INF\lib\maven3-interceptor-commons-1.13.jar"/>
    <property name="CLASSPATH" value=""/>
    <property name="LT_BROWSER_NAME" value="Chrome"/>
    <property name="os.name" value="Windows 7"/>
    <property name="java.specification.vendor" value="Oracle Corporation"/>
    <property name="FP_NO_HOST_CHECK" value="NO"/>
    <property name="java.vm.name" value="Java HotSpot(TM) 64-Bit Server VM"/>
    <property name="BUILD_NUMBER" value="26"/>
    <property name="maven3.interceptor" value="C:\Users\Lenovo-I7\.jenkins\plugins\maven-plugin\WEB-INF\lib\maven35-interceptor-1.13.jar"/>
    <property name="java.library.path" value="C:\Program Files\Java\jdk1.8.0_191\bin;C:\Windows\Sun\Java\bin;C:\Windows\system32;C:\Windows;C:\Users\Lenovo-I7\.jenkins\tools\hudson.tasks.Maven_MavenInstallation\TestMaven/bin;C:\Python37-32\Scripts\;C:\Python37-32\;C:\;C:\Windows\system32;C:\Program Files\Java\jdk1.8.0_191\bin;C:\Program Files\Java\jdk1.8.0_191\bin;C:\Program Files\nodejs; C:\Users\Lenovo-I7\Desktop\Setups; C:\apache-ant-1.10.5\bin;%M2%;C:\curl-7.65.1-win64-mingw\bin;C:\Program Files\dotnet\;C:\Python37-32\Scripts;C:\Python37-32\Lib;C:\Users\Lenovo-I7\Desktop\tunnelprod;C:\Program Files\Git\cmd;C:\Users\Lenovo-I7\.dotnet\tools;."/>
    <property name="LT_BROWSER_VERSION" value="69.0"/>
    <property name="WINSW_EXECUTABLE" value="C:\Users\Lenovo-I7\.jenkins\jenkins.exe"/>
    <property name="POM_GROUPID" value="TestNgForJenkins"/>
    <property name="POM_ARTIFACTID" value="SampleJenkinsProject"/>
    <property name="java.class.version" value="52.0"/>
    <property name="JOB_URL" value="http://localhost:8080/job/Sample%20Project/"/>
    <property name="ANT_HOME" value="C:\apache-ant-1.10.5"/>
    <property name="LAMBDA_USERNAME" value="ramitdlambdatest"/>
    <property name="RUN_DISPLAY_URL" value="http://localhost:8080/job/Sample%20Project/26/display/redirect"/>
    <property name="VBOX_MSI_INSTALL_PATH" value="C:\Program Files\Oracle\VirtualBox\"/>
    <property name="JENKINS_HOME" value="C:\Users\Lenovo-I7\.jenkins"/>
    <property name="BUILD_ID" value="26"/>
    <property name="TEMP" value="C:\Windows\TEMP"/>
    <property name="sun.boot.library.path" value="C:\Program Files\Java\jdk1.8.0_191\jre\bin"/>
    <property name="sun.management.compiler" value="HotSpot 64-Bit Tiered Compilers"/>
    <property name="java.awt.graphicsenv" value="sun.awt.Win32GraphicsEnvironment"/>
    <property name="user.variant" value=""/>
    <property name="PROCESSOR_REVISION" value="4501"/>
    <property name="POM_VERSION" value="0.0.1-SNAPSHOT"/>
    <property name="HUDSON_HOME" value="C:\Users\Lenovo-I7\.jenkins"/>
    <property name="ProgramFiles(x86)" value="C:\Program Files (x86)"/>
    <property name="PATH+MAVEN" value="C:\Users\Lenovo-I7\.jenkins\tools\hudson.tasks.Maven_MavenInstallation\TestMaven/bin"/>
    <property name="LT_RESOLUTION" value="1024x768"/>
    <property name="java.vm.specification.version" value="1.8"/>
    <property name="JAVA_HOME" value="C:\Program Files\Java\jdk1.8.0_191"/>
    <property name="awt.toolkit" value="sun.awt.windows.WToolkit"/>
    <property name="NODE_LABELS" value="master"/>
    <property name="sun.cpu.isalist" value="amd64"/>
    <property name="USERPROFILE" value="C:\Windows\system32\config\systemprofile"/>
    <property name="JOB_DISPLAY_URL" value="http://localhost:8080/job/Sample%20Project/display/redirect"/>
    <property name="java.ext.dirs" value="C:\Program Files\Java\jdk1.8.0_191\jre\lib\ext;C:\Windows\Sun\Java\lib\ext"/>
    <property name="os.version" value="6.1"/>
    <property name="geckodriver" value="C:\Users\Lenovo-I7\Desktop\Selenium\geckodriver.exe"/>
    <property name="user.home" value="C:\Windows\system32\config\systemprofile"/>
    <property name="USERNAME" value="LENOVO-I7-PC$"/>
    <property name="LT_PLATFORM" value="win10"/>
    <property name="java.vm.vendor" value="Oracle Corporation"/>
    <property name="PROCESSOR_LEVEL" value="6"/>
    <property name="CommonProgramW6432" value="C:\Program Files\Common Files"/>
    <property name="user.dir" value="C:\Users\Lenovo-I7\eclipse-workspace\SampleJenkinsProject"/>
    <property name="maven.conf" value="C:\Users\Lenovo-I7\.jenkins\tools\hudson.tasks.Maven_MavenInstallation\TestMaven\conf"/>
    <property name="LT_GRID_URL" value="https://ramitdlambdatest:Ar7sr82ACbQXRi23ujktWaSuBRq9jOjInvBaelieyC00XavZUP@hub.lambdatest.com/wd/hub"/>
    <property name="ProgramW6432" value="C:\Program Files"/>
    <property name="TMP" value="C:\Windows\TEMP"/>
    <property name="sun.cpu.endian" value="little"/>
    <property name="SystemDrive" value="C:"/>
    <property name="java.vm.version" value="25.191-b12"/>
    <property name="java.class.path" value="C:\Users\Lenovo-I7\.jenkins\plugins\maven-plugin\WEB-INF\lib\maven35-agent-1.13.jar;C:\Users\Lenovo-I7\.jenkins\tools\hudson.tasks.Maven_MavenInstallation\TestMaven\boot\plexus-classworlds-2.6.0.jar;C:\Users\Lenovo-I7\.jenkins\tools\hudson.tasks.Maven_MavenInstallation\TestMaven/conf/logging"/>
    <property name="org.slf4j.simpleLogger.defaultLogLevel" value="info"/>
    <property name="os.arch" value="amd64"/>
    <property name="WORKSPACE" value="C:\Users\Lenovo-I7\.jenkins\workspace\Sample Project"/>
    <property name="ComSpec" value="C:\Windows\system32\cmd.exe"/>
    <property name="sun.java.launcher" value="SUN_STANDARD"/>
    <property name="SERVICE_ID" value="jenkins"/>
    <property name="SystemRoot" value="C:\Windows"/>
    <property name="CommonProgramFiles" value="C:\Program Files\Common Files"/>
    <property name="java.vm.specification.vendor" value="Oracle Corporation"/>
    <property name="LT_USERNAME" value="ramitdlambdatest"/>
    <property name="file.separator" value="\"/>
    <property name="java.runtime.version" value="1.8.0_191-b12"/>
    <property name="ProgramFiles" value="C:\Program Files"/>
    <property name="sun.boot.class.path" value="C:\Program Files\Java\jdk1.8.0_191\jre\lib\resources.jar;C:\Program Files\Java\jdk1.8.0_191\jre\lib\rt.jar;C:\Program Files\Java\jdk1.8.0_191\jre\lib\sunrsasign.jar;C:\Program Files\Java\jdk1.8.0_191\jre\lib\jsse.jar;C:\Program Files\Java\jdk1.8.0_191\jre\lib\jce.jar;C:\Program Files\Java\jdk1.8.0_191\jre\lib\charsets.jar;C:\Program Files\Java\jdk1.8.0_191\jre\lib\jfr.jar;C:\Program Files\Java\jdk1.8.0_191\jre\classes"/>
    <property name="user.country" value="US"/>
    <property name="POM_PACKAGING" value="jar"/>
    <property name="maven.home" value="C:\Users\Lenovo-I7\.jenkins\tools\hudson.tasks.Maven_MavenInstallation\TestMaven"/>
    <property name="JOB_BASE_NAME" value="Sample Project"/>
    <property name="java.vendor" value="Oracle Corporation"/>
    <property name="LT_BROWSERS" value="[ {&#10;  &quot;operatingSystem&quot; : &quot;win10&quot;,&#10;  &quot;browserName&quot; : &quot;Chrome&quot;,&#10;  &quot;browserVersion&quot; : &quot;69.0&quot;,&#10;  &quot;resolution&quot; : &quot;1024x768&quot;&#10;} ]"/>
    <property name="java.specification.version" value="1.8"/>
    <property name="POM_DISPLAYNAME" value="SampleJenkinsProject"/>
    <property name="sun.arch.data.model" value="64"/>
  </properties>
  <testcase name="testSimple" classname="TestNgForJenkins.SampleJenkinsProject.JenkinsLambdaTest" time="0.003"/>
</testsuite>