<?xml version="1.0" encoding="UTF-8"?>
<!-- Generated by org.testng.reporters.JUnitReportReporter -->
<testsuite skipped="0" hostname="Lenovo-I7-PC" name="TestNgForJenkins.SampleJenkinsProject.JenkinsLambdaTest" tests="1" failures="0" timestamp="23 Sep 2019 15:07:11 GMT" time="0.007" errors="0">
  <testcase name="testSimple" time="0.007" classname="TestNgForJenkins.SampleJenkinsProject.JenkinsLambdaTest"/>
</testsuite> <!-- TestNgForJenkins.SampleJenkinsProject.JenkinsLambdaTest -->
