<?xml version="1.0" encoding="UTF-8"?>
<!-- Generated by org.testng.reporters.JUnitReportReporter -->
<testsuite skipped="0" hostname="Lenovo-I7-PC" name="TestNgForJenkins.SampleJenkinsProject.JenkinsLambdaTest" tests="1" failures="0" timestamp="24 Sep 2019 05:16:57 GMT" time="0.000" errors="0">
  <testcase name="testSimple" time="0.000" classname="TestNgForJenkins.SampleJenkinsProject.JenkinsLambdaTest"/>
</testsuite> <!-- TestNgForJenkins.SampleJenkinsProject.JenkinsLambdaTest -->
